<?xml version="1.0" encoding="UTF-8"?>
<!-- Generated by org.testng.reporters.JUnitReportReporter -->
<testsuite ignored="0" hostname="amandhare-C02F5ARJMD6N" failures="0" tests="1" name="DeserializationTest.DeTest" time="1.135" errors="0" timestamp="30 Apr 2021 10:37:24 GMT" skipped="0">
  <testcase classname="DeserializationTest.DeTest" name="Deset" time="1.135"/>
</testsuite> <!-- DeserializationTest.DeTest -->
