<?xml version="1.0" encoding="UTF-8"?>
<!-- Generated by org.testng.reporters.JUnitReportReporter -->
<testsuite ignored="0" hostname="amandhare-C02F5ARJMD6N" failures="0" tests="1" name="baseTest.baseTest" time="0.008" errors="0" timestamp="27 Apr 2021 07:29:46 GMT" skipped="0">
  <testcase classname="baseTest.baseTest" name="UtilTest" time="0.008"/>
</testsuite> <!-- baseTest.baseTest -->
