<?xml version="1.0" encoding="UTF-8"?>
<!-- Generated by org.testng.reporters.JUnitReportReporter -->
<testsuite hostname="amandhare-C02F5ARJMD6N" failures="0" tests="4" name="BasicRequests.Test_post" time="4.747" errors="0" timestamp="21 Apr 2021 10:11:43 GMT" skipped="0">
  <testcase classname="BasicRequests.Test_post" name="DeleteData" time="1.694"/>
  <testcase classname="BasicRequests.Test_post" name="PatchData" time="1.249"/>
  <testcase classname="BasicRequests.Test_post" name="PostData" time="0.590"/>
  <testcase classname="BasicRequests.Test_post" name="PutData" time="1.214"/>
</testsuite> <!-- BasicRequests.Test_post -->
