<?xml version="1.0" encoding="UTF-8"?>
<!-- Generated by org.testng.reporters.JUnitReportReporter -->
<testsuite hostname="amandhare-C02F5ARJMD6N" failures="0" tests="1" name="BasicRequests.Test_put" time="1.967" errors="0" timestamp="20 Apr 2021 14:55:24 GMT" skipped="0">
  <testcase classname="BasicRequests.Test_put" name="PostData" time="1.967"/>
</testsuite> <!-- BasicRequests.Test_put -->
