<?xml version="1.0" encoding="UTF-8"?>
<!-- Generated by org.testng.reporters.JUnitReportReporter -->
<testsuite hostname="amandhare-C02F5ARJMD6N" failures="0" tests="2" name="DataDriven.Deleteparameterization" time="2.255" errors="0" timestamp="21 Apr 2021 12:05:05 GMT" skipped="0">
  <testcase classname="DataDriven.Deleteparameterization" name="DeleteData" time="0.522"/>
  <testcase classname="DataDriven.Deleteparameterization" name="DeleteData" time="1.733"/>
</testsuite> <!-- DataDriven.Deleteparameterization -->
