<?xml version="1.0" encoding="UTF-8"?>
<!-- Generated by org.testng.reporters.JUnitReportReporter -->
<testsuite hostname="amandhare-C02F5ARJMD6N" failures="0" tests="2" name="DataDriven.parametrization" time="2.503" errors="0" timestamp="21 Apr 2021 13:15:33 GMT" skipped="0">
  <testcase classname="DataDriven.parametrization" name="PostData" time="0.624"/>
  <testcase classname="DataDriven.parametrization" name="PostData" time="1.879"/>
</testsuite> <!-- DataDriven.parametrization -->
