<?xml version="1.0" encoding="UTF-8"?>
<!-- Generated by org.testng.reporters.JUnitReportReporter -->
<testsuite hostname="amandhare-C02F5ARJMD6N" failures="0" tests="1" name="BasicRequests.Test_patch" time="1.939" errors="0" timestamp="20 Apr 2021 14:57:03 GMT" skipped="0">
  <testcase classname="BasicRequests.Test_patch" name="PostData" time="1.939"/>
</testsuite> <!-- BasicRequests.Test_patch -->
