<?xml version="1.0" encoding="UTF-8"?>
<!-- Generated by org.testng.reporters.JUnitReportReporter -->
<testsuite hostname="amandhare-C02F5ARJMD6N" failures="0" tests="1" name="EmployeesInfo.LoginBAse64Test" time="0.003" errors="0" timestamp="30 Apr 2021 10:38:19 GMT" skipped="0">
  <testcase classname="EmployeesInfo.LoginBAse64Test" name="loginbase64" time="0.003"/>
</testsuite> <!-- EmployeesInfo.LoginBAse64Test -->
